<?xml version="1.0" encoding="UTF-8"?>
<!-- Generated by org.testng.reporters.JUnitXMLReporter -->
<testsuite ignored="4" hostname="SIL-WIN-6" failures="0" tests="1" name="Meghan Fab project test - Mozilla Browser" time="34.073" errors="0" timestamp="17 Jun 2019 13:39:12 GMT">
  <testcase classname="com.qa.testcases.TC1_Login" name="login_both_valid_fields_testcase" time="28.551"/>
  <testcase classname="com.qa.testcases.TC1_Login" name="login_with_username_valid_password_invalid" time="0.0">
    <ignored/>
  </testcase> <!-- login_with_username_valid_password_invalid -->
  <testcase classname="com.qa.testcases.TC1_Login" name="login_with_username_invalid_password_valid" time="0.0">
    <ignored/>
  </testcase> <!-- login_with_username_invalid_password_valid -->
  <testcase classname="com.qa.testcases.TC1_Login" name="login_with_both_fields_blank" time="0.0">
    <ignored/>
  </testcase> <!-- login_with_both_fields_blank -->
  <testcase classname="com.qa.testcases.TC1_Login" name="login_with_both_invalid_fields" time="0.0">
    <ignored/>
  </testcase> <!-- login_with_both_invalid_fields -->
</testsuite> <!-- Meghan Fab project test - Mozilla Browser -->
