<?xml version="1.0" encoding="UTF-8"?>
<!-- Generated by org.testng.reporters.JUnitXMLReporter -->
<testsuite hostname="SIL-WIN-6" failures="0" tests="5" name="Meghan Fab project test" time="326.297" errors="0" timestamp="11 Jun 2019 09:39:00 GMT">
  <testcase classname="com.qa.testcases.TC2_Register" name="registertestcase" time="50.793"/>
  <testcase classname="com.qa.testcases.TC1_Login" name="logintestcase" time="68.307"/>
  <testcase classname="com.qa.testcases.TC3_BillingAddress" name="registertestcase" time="81.636"/>
  <testcase classname="com.qa.testcases.TC4_ShippingAddress" name="registertestcase" time="62.286"/>
  <testcase classname="com.qa.testcases.TC5_AccountDetails" name="registertestcase" time="63.255"/>
</testsuite> <!-- Meghan Fab project test -->
