<?xml version="1.0" encoding="UTF-8"?>
<testsuite xmlns:xsi="http://www.w3.org/2001/XMLSchema-instance" xsi:schemaLocation="https://maven.apache.org/surefire/maven-surefire-plugin/xsd/surefire-test-report.xsd" name="TestSuite" time="1.69" tests="13" errors="0" skipped="12" failures="1">
  <properties>
[...]
</properties>
  <testcase name="setup" classname="com.qa.testcases.TC2_Register" time="1.361">
    <failure message="&#10;Parameter &apos;browser&apos; is required by @Configuration on method setup but has not been marked @Optional or defined&#10;in C:\Keyur-Data\Key-Sooryen-Eclipse\meghanfabproject\testngsuite\testng.xml" type="org.testng.TestNGException">org.testng.TestNGException: 

Parameter 'browser' is required by @Configuration on method setup but has not been marked @Optional or defined
in C:\Keyur-Data\Key-Sooryen-Eclipse\meghanfabproject\testngsuite\testng.xml
</failure>
  </testcase>
  <testcase name="registertestcase" classname="com.qa.testcases.TC2_Register" time="0">
    <skipped/>
  </testcase>
  <testcase name="setup" classname="com.qa.testcases.TC1_Login" time="0">
    <skipped/>
  </testcase>
  <testcase name="login_both_valid_fields_testcase" classname="com.qa.testcases.TC1_Login" time="0">
    <skipped/>
  </testcase>
  <testcase name="setup" classname="com.qa.testcases.TC3_BillingAddress" time="0">
    <skipped/>
  </testcase>
  <testcase name="billingaddresstestcase" classname="com.qa.testcases.TC3_BillingAddress" time="0">
    <skipped/>
  </testcase>
  <testcase name="setup" classname="com.qa.testcases.TC4_ShippingAddress" time="0">
    <skipped/>
  </testcase>
  <testcase name="shippingaddresstestcase" classname="com.qa.testcases.TC4_ShippingAddress" time="0">
    <skipped/>
  </testcase>
  <testcase name="setup" classname="com.qa.testcases.TC5_AccountDetails" time="0">
    <skipped/>
  </testcase>
  <testcase name="accountdetailstestcase" classname="com.qa.testcases.TC5_AccountDetails" time="0">
    <skipped/>
  </testcase>
  <testcase name="setup" classname="com.qa.testcases.TC7_Forgot_Password" time="0">
    <skipped/>
  </testcase>
  <testcase name="login_both_valid_fields_testcase" classname="com.qa.testcases.TC7_Forgot_Password" time="0">
    <skipped/>
  </testcase>
  <testcase name="sendemailreport" classname="com.qa.testcases.TC2_Register" time="0">
    <skipped/>
  </testcase>
</testsuite>