<?xml version="1.0" encoding="UTF-8"?>
<testng-results ignored="0" total="1" passed="1" failed="0" skipped="0">
  <reporter-output>
  </reporter-output>
  <suite started-at="2019-06-11T07:59:51Z" name="Default suite" finished-at="2019-06-11T08:00:54Z" duration-ms="62775">
    <groups>
    </groups>
    <test started-at="2019-06-11T07:59:51Z" name="Default test" finished-at="2019-06-11T08:00:54Z" duration-ms="62775">
      <class name="com.qa.testcases.TC5_AccountDetails">
        <test-method signature="registertestcase()[pri:0, instance:com.qa.testcases.TC5_AccountDetails@4567f35d]" started-at="2019-06-11T07:59:51Z" name="registertestcase" finished-at="2019-06-11T08:00:54Z" duration-ms="62740" status="PASS">
          <reporter-output>
          </reporter-output>
        </test-method> <!-- registertestcase -->
      </class> <!-- com.qa.testcases.TC5_AccountDetails -->
    </test> <!-- Default test -->
  </suite> <!-- Default suite -->
</testng-results>
