<?xml version="1.0" encoding="UTF-8"?>
<testng-results ignored="0" total="1" passed="1" failed="0" skipped="0">
  <reporter-output>
  </reporter-output>
  <suite started-at="2019-06-10T04:22:10Z" name="Meghan fab POM Test Automation" finished-at="2019-06-10T04:22:28Z" duration-ms="17800">
    <groups>
    </groups>
    <test started-at="2019-06-10T04:22:10Z" name="Meghan Fab project test" finished-at="2019-06-10T04:22:28Z" duration-ms="17800">
      <class name="com.qa.testcases.Demotestcase">
        <test-method is-config="true" signature="openbrowser()[pri:0, instance:com.qa.testcases.Demotestcase@62150f9e]" started-at="2019-06-10T04:22:10Z" name="openbrowser" finished-at="2019-06-10T04:22:27Z" duration-ms="16619" status="PASS">
          <reporter-output>
          </reporter-output>
        </test-method> <!-- openbrowser -->
        <test-method signature="maximisebrowser()[pri:0, instance:com.qa.testcases.Demotestcase@62150f9e]" started-at="2019-06-10T04:22:27Z" name="maximisebrowser" finished-at="2019-06-10T04:22:27Z" duration-ms="18" status="PASS">
          <reporter-output>
          </reporter-output>
        </test-method> <!-- maximisebrowser -->
        <test-method is-config="true" signature="closebrowser()[pri:0, instance:com.qa.testcases.Demotestcase@62150f9e]" started-at="2019-06-10T04:22:27Z" name="closebrowser" finished-at="2019-06-10T04:22:28Z" duration-ms="1133" status="PASS">
          <reporter-output>
          </reporter-output>
        </test-method> <!-- closebrowser -->
      </class> <!-- com.qa.testcases.Demotestcase -->
    </test> <!-- Meghan Fab project test -->
  </suite> <!-- Meghan fab POM Test Automation -->
</testng-results>
