<?xml version="1.0" encoding="UTF-8"?>
<!-- Generated by org.testng.reporters.JUnitXMLReporter -->
<testsuite ignored="0" hostname="SIL-WIN-6" failures="0" tests="3" name="testGuru" time="30.838" errors="0" timestamp="17 Jun 2019 13:16:56 GMT">
  <testcase classname="com.qa.testcases.TC0_DummyTest" name="executeSessionTwo" time="26.641"/>
  <testcase classname="com.qa.testcases.TC0_DummyTest" name="executSessionThree" time="30.278"/>
  <testcase classname="com.qa.testcases.TC0_DummyTest" name="executSessionOne" time="30.791"/>
</testsuite> <!-- testGuru -->
